warning: file `/Users/anirudhvyas/cyan-backend/tests/snapshot_protocol_test.rs` found to be present in multiple build targets:
  * `bin` target `snapshot_test`
  * `integration-test` target `snapshot_protocol_test`
warning: file `/Users/anirudhvyas/cyan-backend/tests/delta_sync_test.rs` found to be present in multiple build targets:
  * `bin` target `delta_test`
  * `integration-test` target `delta_sync_test`
warning: file `/Users/anirudhvyas/cyan-backend/tests/network_actor_test.rs` found to be present in multiple build targets:
  * `bin` target `network_test`
  * `integration-test` target `network_actor_test`
   Compiling urlencoding v2.1.3
   Compiling cyan-backend v0.1.0 (/Users/anirudhvyas/cyan-backend)
    Finished `release` profile [optimized] target(s) in 24.56s
warning: file `/Users/anirudhvyas/cyan-backend/tests/snapshot_protocol_test.rs` found to be present in multiple build targets:
  * `bin` target `snapshot_test`
  * `integration-test` target `snapshot_protocol_test`
warning: file `/Users/anirudhvyas/cyan-backend/tests/network_actor_test.rs` found to be present in multiple build targets:
  * `bin` target `network_test`
  * `integration-test` target `network_actor_test`
warning: file `/Users/anirudhvyas/cyan-backend/tests/delta_sync_test.rs` found to be present in multiple build targets:
  * `bin` target `delta_test`
  * `integration-test` target `delta_sync_test`
    Finished `release` profile [optimized] target(s) in 0.77s
warning: file `/Users/anirudhvyas/cyan-backend/tests/network_actor_test.rs` found to be present in multiple build targets:
  * `bin` target `network_test`
  * `integration-test` target `network_actor_test`
warning: file `/Users/anirudhvyas/cyan-backend/tests/delta_sync_test.rs` found to be present in multiple build targets:
  * `bin` target `delta_test`
  * `integration-test` target `delta_sync_test`
warning: file `/Users/anirudhvyas/cyan-backend/tests/snapshot_protocol_test.rs` found to be present in multiple build targets:
  * `bin` target `snapshot_test`
  * `integration-test` target `snapshot_protocol_test`
   Compiling cyan-backend v0.1.0 (/Users/anirudhvyas/cyan-backend)
    Finished `release` profile [optimized] target(s) in 23.97s
warning: file `/Users/anirudhvyas/cyan-backend/tests/network_actor_test.rs` found to be present in multiple build targets:
  * `bin` target `network_test`
  * `integration-test` target `network_actor_test`
warning: file `/Users/anirudhvyas/cyan-backend/tests/snapshot_protocol_test.rs` found to be present in multiple build targets:
  * `bin` target `snapshot_test`
  * `integration-test` target `snapshot_protocol_test`
warning: file `/Users/anirudhvyas/cyan-backend/tests/delta_sync_test.rs` found to be present in multiple build targets:
  * `bin` target `delta_test`
  * `integration-test` target `delta_sync_test`
   Compiling time v0.3.44
   Compiling minimal-lexical v0.2.1
   Compiling pom v1.1.0
   Compiling md-5 v0.10.6
   Compiling rangemap v1.7.1
   Compiling unicode-normalization v0.1.25
   Compiling euclid v0.20.14
   Compiling postscript v0.14.1
   Compiling nom v7.1.3
   Compiling type1-encoding-parser v0.1.0
   Compiling adobe-cmap-parser v0.4.1
   Compiling netwatch v0.12.0
   Compiling yasna v0.5.2
   Compiling lopdf v0.34.0
   Compiling rcgen v0.14.5
   Compiling portmapper v0.12.0
   Compiling pdf-extract v0.7.12
   Compiling irpc v0.11.0
   Compiling iroh v0.95.1
   Compiling iroh-blobs v0.97.0
   Compiling iroh-gossip v0.95.0
   Compiling cyan-backend v0.1.0 (/Users/anirudhvyas/cyan-backend)
error[E0412]: cannot find type `Connection` in this scope
   --> src/lens_commands.rs:295:33
    |
295 | fn resolve_group_by_name(conn: &Connection, name: &str) -> Result<(String, String)> {
    |                                 ^^^^^^^^^^ not found in this scope
    |
help: consider importing one of these structs
    |
10  + use crate::Connection;
    |
10  + use iroh::endpoint::Connection;
    |
10  + use rusqlite::Connection;
    |

error[E0412]: cannot find type `Connection` in this scope
   --> src/lens_commands.rs:303:37
    |
303 | fn resolve_workspace_by_name(conn: &Connection, group_id: &str, name: &str) -> Result<(String, String)> {
    |                                     ^^^^^^^^^^ not found in this scope
    |
help: consider importing one of these structs
    |
10  + use crate::Connection;
    |
10  + use iroh::endpoint::Connection;
    |
10  + use rusqlite::Connection;
    |

error[E0412]: cannot find type `Connection` in this scope
   --> src/lens_commands.rs:311:33
    |
311 | fn resolve_board_by_name(conn: &Connection, workspace_id: &str, name: &str) -> Result<(String, String)> {
    |                                 ^^^^^^^^^^ not found in this scope
    |
help: consider importing one of these structs
    |
10  + use crate::Connection;
    |
10  + use iroh::endpoint::Connection;
    |
10  + use rusqlite::Connection;
    |

error[E0412]: cannot find type `Connection` in this scope
   --> src/lens_commands.rs:319:32
    |
319 | fn resolve_file_by_name(conn: &Connection, workspace_id: &str, board_id: &str, name: &str) -> Result<String> {
    |                                ^^^^^^^^^^ not found in this scope
    |
help: consider importing one of these structs
    |
10  + use crate::Connection;
    |
10  + use iroh::endpoint::Connection;
    |
10  + use rusqlite::Connection;
    |

For more information about this error, try `rustc --explain E0412`.
error: could not compile `cyan-backend` (lib) due to 4 previous errors
warning: file `/Users/anirudhvyas/cyan-backend/tests/delta_sync_test.rs` found to be present in multiple build targets:
  * `bin` target `delta_test`
  * `integration-test` target `delta_sync_test`
warning: file `/Users/anirudhvyas/cyan-backend/tests/snapshot_protocol_test.rs` found to be present in multiple build targets:
  * `bin` target `snapshot_test`
  * `integration-test` target `snapshot_protocol_test`
warning: file `/Users/anirudhvyas/cyan-backend/tests/network_actor_test.rs` found to be present in multiple build targets:
  * `bin` target `network_test`
  * `integration-test` target `network_actor_test`
   Compiling cyan-backend v0.1.0 (/Users/anirudhvyas/cyan-backend)
    Finished `release` profile [optimized] target(s) in 22.65s
warning: file `/Users/anirudhvyas/cyan-backend/tests/delta_sync_test.rs` found to be present in multiple build targets:
  * `bin` target `delta_test`
  * `integration-test` target `delta_sync_test`
warning: file `/Users/anirudhvyas/cyan-backend/tests/snapshot_protocol_test.rs` found to be present in multiple build targets:
  * `bin` target `snapshot_test`
  * `integration-test` target `snapshot_protocol_test`
warning: file `/Users/anirudhvyas/cyan-backend/tests/network_actor_test.rs` found to be present in multiple build targets:
  * `bin` target `network_test`
  * `integration-test` target `network_actor_test`
   Compiling cyan-backend v0.1.0 (/Users/anirudhvyas/cyan-backend)
    Finished `release` profile [optimized] target(s) in 22.49s
warning: file `/Users/anirudhvyas/cyan-backend/tests/network_actor_test.rs` found to be present in multiple build targets:
  * `bin` target `network_test`
  * `integration-test` target `network_actor_test`
warning: file `/Users/anirudhvyas/cyan-backend/tests/snapshot_protocol_test.rs` found to be present in multiple build targets:
  * `bin` target `snapshot_test`
  * `integration-test` target `snapshot_protocol_test`
warning: file `/Users/anirudhvyas/cyan-backend/tests/delta_sync_test.rs` found to be present in multiple build targets:
  * `bin` target `delta_test`
  * `integration-test` target `delta_sync_test`
   Compiling cyan-backend v0.1.0 (/Users/anirudhvyas/cyan-backend)
    Finished `release` profile [optimized] target(s) in 25.18s
warning: file `/Users/anirudhvyas/cyan-backend/tests/delta_sync_test.rs` found to be present in multiple build targets:
  * `bin` target `delta_test`
  * `integration-test` target `delta_sync_test`
warning: file `/Users/anirudhvyas/cyan-backend/tests/network_actor_test.rs` found to be present in multiple build targets:
  * `bin` target `network_test`
  * `integration-test` target `network_actor_test`
warning: file `/Users/anirudhvyas/cyan-backend/tests/snapshot_protocol_test.rs` found to be present in multiple build targets:
  * `bin` target `snapshot_test`
  * `integration-test` target `snapshot_protocol_test`
    Finished `release` profile [optimized] target(s) in 0.69s
warning: file `/Users/anirudhvyas/cyan-backend/tests/delta_sync_test.rs` found to be present in multiple build targets:
  * `bin` target `delta_test`
  * `integration-test` target `delta_sync_test`
warning: file `/Users/anirudhvyas/cyan-backend/tests/network_actor_test.rs` found to be present in multiple build targets:
  * `bin` target `network_test`
  * `integration-test` target `network_actor_test`
warning: file `/Users/anirudhvyas/cyan-backend/tests/snapshot_protocol_test.rs` found to be present in multiple build targets:
  * `bin` target `snapshot_test`
  * `integration-test` target `snapshot_protocol_test`
   Compiling cyan-backend-integrations v0.0.1 (/Users/anirudhvyas/cyan-backend-integrations)
   Compiling cyan-backend v0.1.0 (/Users/anirudhvyas/cyan-backend)
    Finished `release` profile [optimized] target(s) in 27.48s
warning: file `/Users/anirudhvyas/cyan-backend/tests/network_actor_test.rs` found to be present in multiple build targets:
  * `bin` target `network_test`
  * `integration-test` target `network_actor_test`
warning: file `/Users/anirudhvyas/cyan-backend/tests/snapshot_protocol_test.rs` found to be present in multiple build targets:
  * `bin` target `snapshot_test`
  * `integration-test` target `snapshot_protocol_test`
warning: file `/Users/anirudhvyas/cyan-backend/tests/delta_sync_test.rs` found to be present in multiple build targets:
  * `bin` target `delta_test`
  * `integration-test` target `delta_sync_test`
   Compiling cyan-backend v0.1.0 (/Users/anirudhvyas/cyan-backend)
    Finished `release` profile [optimized] target(s) in 24.22s
warning: file `/Users/anirudhvyas/cyan-backend/tests/network_actor_test.rs` found to be present in multiple build targets:
  * `bin` target `network_test`
  * `integration-test` target `network_actor_test`
warning: file `/Users/anirudhvyas/cyan-backend/tests/snapshot_protocol_test.rs` found to be present in multiple build targets:
  * `bin` target `snapshot_test`
  * `integration-test` target `snapshot_protocol_test`
warning: file `/Users/anirudhvyas/cyan-backend/tests/delta_sync_test.rs` found to be present in multiple build targets:
  * `bin` target `delta_test`
  * `integration-test` target `delta_sync_test`
   Compiling cyan-backend-integrations v0.0.1 (/Users/anirudhvyas/cyan-backend-integrations)
   Compiling cyan-backend v0.1.0 (/Users/anirudhvyas/cyan-backend)
    Finished `release` profile [optimized] target(s) in 25.08s
warning: file `/Users/anirudhvyas/cyan-backend/tests/network_actor_test.rs` found to be present in multiple build targets:
  * `bin` target `network_test`
  * `integration-test` target `network_actor_test`
warning: file `/Users/anirudhvyas/cyan-backend/tests/delta_sync_test.rs` found to be present in multiple build targets:
  * `bin` target `delta_test`
  * `integration-test` target `delta_sync_test`
warning: file `/Users/anirudhvyas/cyan-backend/tests/snapshot_protocol_test.rs` found to be present in multiple build targets:
  * `bin` target `snapshot_test`
  * `integration-test` target `snapshot_protocol_test`
   Compiling cyan-backend v0.1.0 (/Users/anirudhvyas/cyan-backend)
    Finished `release` profile [optimized] target(s) in 23.36s
warning: file `/Users/anirudhvyas/cyan-backend/tests/snapshot_protocol_test.rs` found to be present in multiple build targets:
  * `bin` target `snapshot_test`
  * `integration-test` target `snapshot_protocol_test`
warning: file `/Users/anirudhvyas/cyan-backend/tests/network_actor_test.rs` found to be present in multiple build targets:
  * `bin` target `network_test`
  * `integration-test` target `network_actor_test`
warning: file `/Users/anirudhvyas/cyan-backend/tests/delta_sync_test.rs` found to be present in multiple build targets:
  * `bin` target `delta_test`
  * `integration-test` target `delta_sync_test`
   Compiling cyan-backend-integrations v0.0.1 (/Users/anirudhvyas/cyan-backend-integrations)
error[E0308]: mismatched types
   --> /Users/anirudhvyas/cyan-backend-integrations/src/actors/jira.rs:186:51
    |
186 |             for capture in pr_regex.captures_iter(description) {
    |                                     ------------- ^^^^^^^^^^^ expected `&str`, found `&Value`
    |                                     |
    |                                     arguments to this method are incorrect
    |
    = note: expected reference `&str`
               found reference `&serde_json::Value`
note: method defined here
   --> /Users/anirudhvyas/.cargo/registry/src/index.crates.io-1949cf8c6b5b557f/regex-1.12.2/src/regex/string.rs:420:12
    |
420 |     pub fn captures_iter<'r, 'h>(
    |            ^^^^^^^^^^^^^

warning: file `/Users/anirudhvyas/cyan-backend/tests/snapshot_protocol_test.rs` found to be present in multiple build targets:
  * `bin` target `snapshot_test`
  * `integration-test` target `snapshot_protocol_test`
warning: file `/Users/anirudhvyas/cyan-backend/tests/delta_sync_test.rs` found to be present in multiple build targets:
  * `bin` target `delta_test`
  * `integration-test` target `delta_sync_test`
warning: file `/Users/anirudhvyas/cyan-backend/tests/network_actor_test.rs` found to be present in multiple build targets:
  * `bin` target `network_test`
  * `integration-test` target `network_actor_test`
   Compiling cyan-backend-integrations v0.0.1 (/Users/anirudhvyas/cyan-backend-integrations)
   Compiling cyan-backend v0.1.0 (/Users/anirudhvyas/cyan-backend)
    Finished `release` profile [optimized] target(s) in 26.28s
warning: file `/Users/anirudhvyas/cyan-backend/tests/network_actor_test.rs` found to be present in multiple build targets:
  * `bin` target `network_test`
  * `integration-test` target `network_actor_test`
warning: file `/Users/anirudhvyas/cyan-backend/tests/delta_sync_test.rs` found to be present in multiple build targets:
  * `bin` target `delta_test`
  * `integration-test` target `delta_sync_test`
warning: file `/Users/anirudhvyas/cyan-backend/tests/snapshot_protocol_test.rs` found to be present in multiple build targets:
  * `bin` target `snapshot_test`
  * `integration-test` target `snapshot_protocol_test`
   Compiling cyan-backend v0.1.0 (/Users/anirudhvyas/cyan-backend)
    Finished `release` profile [optimized] target(s) in 24.62s
warning: file `/Users/anirudhvyas/cyan-backend/tests/snapshot_protocol_test.rs` found to be present in multiple build targets:
  * `bin` target `snapshot_test`
  * `integration-test` target `snapshot_protocol_test`
warning: file `/Users/anirudhvyas/cyan-backend/tests/delta_sync_test.rs` found to be present in multiple build targets:
  * `bin` target `delta_test`
  * `integration-test` target `delta_sync_test`
warning: file `/Users/anirudhvyas/cyan-backend/tests/network_actor_test.rs` found to be present in multiple build targets:
  * `bin` target `network_test`
  * `integration-test` target `network_actor_test`
   Compiling cyan-backend v0.1.0 (/Users/anirudhvyas/cyan-backend)
    Finished `release` profile [optimized] target(s) in 23.93s
warning: file `/Users/anirudhvyas/cyan-backend/tests/network_actor_test.rs` found to be present in multiple build targets:
  * `bin` target `network_test`
  * `integration-test` target `network_actor_test`
warning: file `/Users/anirudhvyas/cyan-backend/tests/snapshot_protocol_test.rs` found to be present in multiple build targets:
  * `bin` target `snapshot_test`
  * `integration-test` target `snapshot_protocol_test`
warning: file `/Users/anirudhvyas/cyan-backend/tests/delta_sync_test.rs` found to be present in multiple build targets:
  * `bin` target `delta_test`
  * `integration-test` target `delta_sync_test`
    Finished `release` profile [optimized] target(s) in 1.03s
warning: file `/Users/anirudhvyas/cyan-backend/tests/delta_sync_test.rs` found to be present in multiple build targets:
  * `bin` target `delta_test`
  * `integration-test` target `delta_sync_test`
warning: file `/Users/anirudhvyas/cyan-backend/tests/network_actor_test.rs` found to be present in multiple build targets:
  * `bin` target `network_test`
  * `integration-test` target `network_actor_test`
warning: file `/Users/anirudhvyas/cyan-backend/tests/snapshot_protocol_test.rs` found to be present in multiple build targets:
  * `bin` target `snapshot_test`
  * `integration-test` target `snapshot_protocol_test`
   Compiling cyan-backend v0.1.0 (/Users/anirudhvyas/cyan-backend)
    Finished `release` profile [optimized] target(s) in 25.45s
